(---------------------------------------------------------------------)
(                                                                     )
(    IPC2581 Export                                                   )
(                                                                     )
(    Software Version : 23.1P001                                      )
(    Date/Time        : Thu Jan 25 12:23:02 2024                      )
(                                                                     )
(---------------------------------------------------------------------)




Collecting net list ...



Collecting package defintions ...

WARNING: No PLACE_BOUND outline found for the package "NYU_LOGO", IGNORED.


Collecting component descriptions ...

WARNING: No PLACE_BOUND outline found for the symbol located at (2.1000, 14.6000), (SymbolName="NYU_LOGO"), IGNORED.


Collecting BOM items ...



Property configuration file: D:/Projects/PCB/Compressor Monitor/PCBEditor/ipc2581_attr_config.atr
IPC2581 file: Compressor Monitor
IPC2581 version: IPC2581-B
BRD file: D:/Projects/PCB/Compressor Monitor/PCBEditor/Compressor Monitor.brd
IPC2581 units: MILLIMETER
Global package pin1 orientation: OTHER
Default symbol height: 3.81
Export drill information?: YES
Export backdrill information?: NO
Export BOM information?: YES
Export component descriptions?: YES
Export component packages?: YES
Export land patterns?: YES
Export device descriptions?: YES
Export net list?: YES
Export hierarchical layer/stack instance?: NO
Export Outer Copper Layers?: YES
Export Inner Layers?: YES
Export Documentation Layers?: YES
Export Miscellaneous Image Layers?: YES
Export SolderMask/SolderPaste Legend Layers?: YES
Export vector text?: YES
Export cavities?: NO
Export padstack definitions?: NO
Export zip file?: NO
a2ipc2581 complete.
