(---------------------------------------------------------------------)
(                                                                     )
(    ARTWORK LOG                                                      )
(                                                                     )
(    Drawing          : Compressor Monitor.brd                        )
(    Software Version : 23.1P001                                      )
(    Date/Time        : Thu Jan 25 12:23:14 2024                      )
(                                                                     )
(---------------------------------------------------------------------)


 ---- Photoplot outline rectangle not found; using drawing extents.



Results from parameter file ...
    DEVICE-TYPE           GERBER_RS274X
    OUTPUT-UNITS          MM
    FILM-SIZE             2400000 1600000
    FORMAT                2.5
    ABORT-ON-ERROR        NO
    SCALE                 1
    SUPPRESS-LEAD-ZEROES  YES
    SUPPRESS-TRAIL-ZEROES NO
    SUPPRESS-EQUAL        YES
    UNDEF-APT-CONT        NO



================================================================
     PROCESSING FILM < 3_SOLDERMASK_TOP >
     TO FILE < D:/Projects/PCB/Compressor Monitor/PCBEditor/Artwork/3_SOLDERMASK_TOP.art > ...
================================================================

  FILM PARAMETERS :
  ---------------------------------------------------------
  Undefined line width                0.1000
  Mirror code                         NONE
  Rotate angle                        NONE
  Offset x:                           0.0000
  Offset y:                           0.0000
  Plot negative                       NO
  Suppress unconnected internal pads  NO
  Draw holes only                     NO

    WARNING: 0 width line found at (-93.0900 -95.2450)
           ... using undefined line width of 0.1000

    WARNING: text composed 0 width line found at (-91.1850 -80.6400)
           ... using undefined line width of 0.1000

    WARNING: text having Multiple 0 width lines; all will be treated the same as the first.
           ... using undefined line width of 0.1000

    WARNING: Multiple 0 width lines; all will be treated the same as the first.
           ... using undefined line width of 0.1000



  APERTURES USED:
  ---------------------------------------------------------
  TYPE       SIZE/NAME                   ROT   MIRROR MODE 
  ---------------------------------------------------------
  CIRCLE     0.10000                                  DARK 
  CIRCLE     1.40000                                  DARK 
  CIRCLE     1.57000                                  DARK 
  CIRCLE     2.01500                                  DARK 
  SQUARE     1.57000                     0.000 NO     DARK 
  SQUARE     2.01500                     0.000 NO     DARK 
  RECTANGLE  0.92000     x 1.42000       0.000 NO     DARK 
  RECTANGLE  0.92000     x 1.42000      90.000 NO     DARK 

     3_SOLDERMASK_TOP created with warnings


================================================================
     PROCESSING FILM < 1_DRILL_AND_CROSS >
     TO FILE < D:/Projects/PCB/Compressor Monitor/PCBEditor/Artwork/1_DRILL_AND_CROSS.art > ...
================================================================

  FILM PARAMETERS :
  ---------------------------------------------------------
  Undefined line width                0.1000
  Mirror code                         NONE
  Rotate angle                        NONE
  Offset x:                           0.0000
  Offset y:                           0.0000
  Plot negative                       NO
  Suppress unconnected internal pads  NO
  Draw holes only                     NO



  APERTURES USED:
  ---------------------------------------------------------
  TYPE       SIZE/NAME                   ROT   MIRROR MODE 
  ---------------------------------------------------------
  CIRCLE     0.10000                                  DARK 

     1_DRILL_AND_CROSS created.


================================================================
     PROCESSING FILM < 2_SILKSCREEN_TOP >
     TO FILE < D:/Projects/PCB/Compressor Monitor/PCBEditor/Artwork/2_SILKSCREEN_TOP.art > ...
================================================================

  FILM PARAMETERS :
  ---------------------------------------------------------
  Undefined line width                0.1000
  Mirror code                         NONE
  Rotate angle                        NONE
  Offset x:                           0.0000
  Offset y:                           0.0000
  Plot negative                       NO
  Suppress unconnected internal pads  NO
  Draw holes only                     NO



  APERTURES USED:
  ---------------------------------------------------------
  TYPE       SIZE/NAME                   ROT   MIRROR MODE 
  ---------------------------------------------------------
  CIRCLE     0.10000                                  DARK 
  CIRCLE     0.12700                                  DARK 
  CIRCLE     0.20000                                  DARK 

     2_SILKSCREEN_TOP created.


================================================================
     PROCESSING FILM < 4_PASTEMASK_TOP >
     TO FILE < D:/Projects/PCB/Compressor Monitor/PCBEditor/Artwork/4_PASTEMASK_TOP.art > ...
================================================================

  FILM PARAMETERS :
  ---------------------------------------------------------
  Undefined line width                0.1000
  Mirror code                         NONE
  Rotate angle                        NONE
  Offset x:                           0.0000
  Offset y:                           0.0000
  Plot negative                       NO
  Suppress unconnected internal pads  NO
  Draw holes only                     NO



  APERTURES USED:
  ---------------------------------------------------------
  TYPE       SIZE/NAME                   ROT   MIRROR MODE 
  ---------------------------------------------------------
  CIRCLE     0.10000                                  DARK 
  RECTANGLE  0.92000     x 1.42000       0.000 NO     DARK 
  RECTANGLE  0.92000     x 1.42000      90.000 NO     DARK 

     4_PASTEMASK_TOP created.


================================================================
     PROCESSING FILM < 5_ASSEMBLY_TOP >
     TO FILE < D:/Projects/PCB/Compressor Monitor/PCBEditor/Artwork/5_ASSEMBLY_TOP.art > ...
================================================================

  FILM PARAMETERS :
  ---------------------------------------------------------
  Undefined line width                0.1000
  Mirror code                         NONE
  Rotate angle                        NONE
  Offset x:                           0.0000
  Offset y:                           0.0000
  Plot negative                       NO
  Suppress unconnected internal pads  NO
  Draw holes only                     NO



  APERTURES USED:
  ---------------------------------------------------------
  TYPE       SIZE/NAME                   ROT   MIRROR MODE 
  ---------------------------------------------------------
  CIRCLE     0.10000                                  DARK 
  CIRCLE     0.12700                                  DARK 
  CIRCLE     0.20000                                  DARK 

     5_ASSEMBLY_TOP created.


================================================================
     PROCESSING FILM < 6_CONDUCTOR_TOP >
     TO FILE < D:/Projects/PCB/Compressor Monitor/PCBEditor/Artwork/6_CONDUCTOR_TOP.art > ...
================================================================

  FILM PARAMETERS :
  ---------------------------------------------------------
  Undefined line width                0.1000
  Mirror code                         NONE
  Rotate angle                        NONE
  Offset x:                           0.0000
  Offset y:                           0.0000
  Plot negative                       NO
  Suppress unconnected internal pads  NO
  Draw holes only                     NO



  APERTURES USED:
  ---------------------------------------------------------
  TYPE       SIZE/NAME                   ROT   MIRROR MODE 
  ---------------------------------------------------------
  CIRCLE     0.10000                                  DARK 
  CIRCLE     0.30000                                  DARK 
  CIRCLE     1.30000                                  DARK 
  CIRCLE     1.37000                                  DARK 
  CIRCLE     1.81500                                  DARK 
  SQUARE     1.37000                     0.000 NO     DARK 
  SQUARE     1.81500                     0.000 NO     DARK 
  RECTANGLE  0.92000     x 1.42000       0.000 NO     DARK 
  RECTANGLE  0.92000     x 1.42000      90.000 NO     DARK 

     6_CONDUCTOR_TOP created.


================================================================
     PROCESSING FILM < 7_SILKSCREEN_BOTTOM >
     TO FILE < D:/Projects/PCB/Compressor Monitor/PCBEditor/Artwork/7_SILKSCREEN_BOTTOM.art > ...
================================================================

  FILM PARAMETERS :
  ---------------------------------------------------------
  Undefined line width                0.1000
  Mirror code                         NONE
  Rotate angle                        NONE
  Offset x:                           0.0000
  Offset y:                           0.0000
  Plot negative                       NO
  Suppress unconnected internal pads  NO
  Draw holes only                     NO



  APERTURES USED:
  ---------------------------------------------------------
  TYPE       SIZE/NAME                   ROT   MIRROR MODE 
  ---------------------------------------------------------
  CIRCLE     0.10000                                  DARK 
  CIRCLE     0.15000                                  DARK 
  CIRCLE     0.25000                                  DARK 

     7_SILKSCREEN_BOTTOM created.


================================================================
     PROCESSING FILM < 8_SOLDERMASK_BOTTOM >
     TO FILE < D:/Projects/PCB/Compressor Monitor/PCBEditor/Artwork/8_SOLDERMASK_BOTTOM.art > ...
================================================================

  FILM PARAMETERS :
  ---------------------------------------------------------
  Undefined line width                0.1000
  Mirror code                         NONE
  Rotate angle                        NONE
  Offset x:                           0.0000
  Offset y:                           0.0000
  Plot negative                       NO
  Suppress unconnected internal pads  NO
  Draw holes only                     NO



  APERTURES USED:
  ---------------------------------------------------------
  TYPE       SIZE/NAME                   ROT   MIRROR MODE 
  ---------------------------------------------------------
  CIRCLE     0.10000                                  DARK 
  CIRCLE     1.40000                                  DARK 
  CIRCLE     1.57000                                  DARK 
  CIRCLE     2.01500                                  DARK 
  SQUARE     1.57000                     0.000 NO     DARK 
  SQUARE     2.01500                     0.000 NO     DARK 
  RECTANGLE  1.00000     x 3.40000      90.000 NO     DARK 
  RECTANGLE  1.67000     x 1.22000      90.000 NO     DARK 
  RECTANGLE  10.70000    x 8.60000      90.000 NO     DARK 

     8_SOLDERMASK_BOTTOM created.


================================================================
     PROCESSING FILM < 9_PASTEMASK_BOTTOM >
     TO FILE < D:/Projects/PCB/Compressor Monitor/PCBEditor/Artwork/9_PASTEMASK_BOTTOM.art > ...
================================================================

  FILM PARAMETERS :
  ---------------------------------------------------------
  Undefined line width                0.1000
  Mirror code                         NONE
  Rotate angle                        NONE
  Offset x:                           0.0000
  Offset y:                           0.0000
  Plot negative                       NO
  Suppress unconnected internal pads  NO
  Draw holes only                     NO



  APERTURES USED:
  ---------------------------------------------------------
  TYPE       SIZE/NAME                   ROT   MIRROR MODE 
  ---------------------------------------------------------
  CIRCLE     0.10000                                  DARK 
  SQUARE     0.02540                     0.000 NO     DARK 
  RECTANGLE  1.47000     x 1.02000      90.000 NO     DARK 

     9_PASTEMASK_BOTTOM created.


================================================================
     PROCESSING FILM < 10_ASSEMBLY_BOTTOM >
     TO FILE < D:/Projects/PCB/Compressor Monitor/PCBEditor/Artwork/10_ASSEMBLY_BOTTOM.art > ...
================================================================

  FILM PARAMETERS :
  ---------------------------------------------------------
  Undefined line width                0.1000
  Mirror code                         NONE
  Rotate angle                        NONE
  Offset x:                           0.0000
  Offset y:                           0.0000
  Plot negative                       NO
  Suppress unconnected internal pads  NO
  Draw holes only                     NO



  APERTURES USED:
  ---------------------------------------------------------
  TYPE       SIZE/NAME                   ROT   MIRROR MODE 
  ---------------------------------------------------------
  CIRCLE     0.05000                                  DARK 
  CIRCLE     0.10000                                  DARK 
  CIRCLE     0.15000                                  DARK 

     10_ASSEMBLY_BOTTOM created.


================================================================
     PROCESSING FILM < 11_CONDUCTOR_BOTTOM >
     TO FILE < D:/Projects/PCB/Compressor Monitor/PCBEditor/Artwork/11_CONDUCTOR_BOTTOM.art > ...
================================================================

  FILM PARAMETERS :
  ---------------------------------------------------------
  Undefined line width                0.1000
  Mirror code                         NONE
  Rotate angle                        NONE
  Offset x:                           0.0000
  Offset y:                           0.0000
  Plot negative                       NO
  Suppress unconnected internal pads  NO
  Draw holes only                     NO



  APERTURES USED:
  ---------------------------------------------------------
  TYPE       SIZE/NAME                   ROT   MIRROR MODE 
  ---------------------------------------------------------
  CIRCLE     0.10000                                  DARK 
  CIRCLE     0.30000                                  DARK 
  CIRCLE     1.30000                                  DARK 
  CIRCLE     1.37000                                  DARK 
  CIRCLE     1.81500                                  DARK 
  SQUARE     1.37000                     0.000 NO     DARK 
  SQUARE     1.81500                     0.000 NO     DARK 
  RECTANGLE  1.00000     x 3.40000      90.000 NO     DARK 
  RECTANGLE  1.47000     x 1.02000      90.000 NO     DARK 
  RECTANGLE  10.70000    x 8.60000      90.000 NO     DARK 

     11_CONDUCTOR_BOTTOM created.


================================================================
     PROCESSING FILM < 12_OUTLINE >
     TO FILE < D:/Projects/PCB/Compressor Monitor/PCBEditor/Artwork/12_OUTLINE.art > ...
================================================================

  FILM PARAMETERS :
  ---------------------------------------------------------
  Undefined line width                0.1000
  Mirror code                         NONE
  Rotate angle                        NONE
  Offset x:                           0.0000
  Offset y:                           0.0000
  Plot negative                       NO
  Suppress unconnected internal pads  NO
  Draw holes only                     NO



  APERTURES USED:
  ---------------------------------------------------------
  TYPE       SIZE/NAME                   ROT   MIRROR MODE 
  ---------------------------------------------------------
  CIRCLE     0.10000                                  DARK 

     12_OUTLINE created.


------------------------------------------------------
 SUMMARY:
        3_SOLDERMASK_TOP created with warnings
        1_DRILL_AND_CROSS created.
        2_SILKSCREEN_TOP created.
        4_PASTEMASK_TOP created.
        5_ASSEMBLY_TOP created.
        6_CONDUCTOR_TOP created.
        7_SILKSCREEN_BOTTOM created.
        8_SOLDERMASK_BOTTOM created.
        9_PASTEMASK_BOTTOM created.
        10_ASSEMBLY_BOTTOM created.
        11_CONDUCTOR_BOTTOM created.
        12_OUTLINE created.

 ARTWORK had warnings
